2025-04-01 11:40:47,821 - INFO - Starting CPA scraper - Target URL: https://myportal.cpaontario.ca/s/member-directory
2025-04-01 11:40:47,821 - INFO - Output directory: output
2025-04-01 11:40:47,822 - INFO - Maximum pages: 3
2025-04-01 11:40:47,822 - INFO - Headless mode: True
2025-04-01 11:40:47,980 - INFO - Launching browser...
2025-04-01 11:40:48,276 - INFO - Navigating to the page...
2025-04-01 11:40:51,063 - INFO - Waiting for page to load...
2025-04-01 11:40:56,095 - INFO - Extracting data from page 1...
2025-04-01 11:40:56,334 - INFO - Found 25 records on page 1. Total records: 25
2025-04-01 11:40:56,334 - INFO - Saving incremental data after 1 pages...
2025-04-01 11:40:56,336 - INFO - Data saved to output/cpa_members_20250401_114056.csv
2025-04-01 11:40:56,341 - INFO - Clicking Next button...
2025-04-01 11:40:56,369 - INFO - Waiting for table content to update...
2025-04-01 11:41:01,394 - INFO - Table updated: First member changed from '., Abdul Basit' to '., Sumbal'
2025-04-01 11:41:01,674 - INFO - Successfully extracted 25 records from next page.
2025-04-01 11:41:03,679 - INFO - Extracting data from page 2...
2025-04-01 11:41:03,932 - INFO - Found 25 records on page 2. Total records: 50
2025-04-01 11:41:03,932 - INFO - Saving incremental data after 2 pages...
2025-04-01 11:41:03,933 - INFO - Data saved to output/cpa_members_20250401_114103.csv
2025-04-01 11:41:03,936 - INFO - Clicking Next button...
2025-04-01 11:41:03,985 - INFO - Waiting for table content to update...
2025-04-01 11:41:09,002 - INFO - Table updated: First member changed from '., Sumbal' to 'Abamboh, Percy Tabika'
2025-04-01 11:41:09,263 - INFO - Successfully extracted 25 records from next page.
2025-04-01 11:41:11,268 - INFO - Extracting data from page 3...
2025-04-01 11:41:11,517 - INFO - Found 25 records on page 3. Total records: 75
2025-04-01 11:41:11,518 - INFO - Saving incremental data after 3 pages...
2025-04-01 11:41:11,518 - INFO - Data saved to output/cpa_members_20250401_114111.csv
2025-04-01 11:41:11,524 - INFO - Clicking Next button...
2025-04-01 11:41:11,571 - INFO - Waiting for table content to update...
2025-04-01 11:41:16,599 - INFO - Table updated: First member changed from 'Abamboh, Percy Tabika' to 'Abbas, Khaled Omar'
2025-04-01 11:41:16,827 - INFO - Successfully extracted 25 records from next page.
2025-04-01 11:41:18,833 - INFO - Data saved to output/cpa_members_20250401_114118.csv
2025-04-01 11:41:18,833 - INFO - Total records collected: 75
2025-04-01 11:41:18,833 - INFO - Final data saved to: output/cpa_members_20250401_114118.csv
